F:\C++\REMOTEMONITOR\DEBUG\REMOTEMONITOR.EXE
F:\C++\REMOTEMONITOR\DEBUG\REMOTEMONITOR.ILK
F:\C++\REMOTEMONITOR\DEBUG\REMOTEMONITOR.PDB
F:\C++\REMOTEMONITOR\REMOTEMONITOR\DEBUG\CHILDFRM.OBJ
F:\C++\RemoteMonitor\RemoteMonitor\Debug\cl.command.1.tlog
F:\C++\RemoteMonitor\RemoteMonitor\Debug\CL.read.1.tlog
F:\C++\RemoteMonitor\RemoteMonitor\Debug\CL.write.1.tlog
F:\C++\REMOTEMONITOR\REMOTEMONITOR\DEBUG\CLIENT.OBJ
F:\C++\RemoteMonitor\RemoteMonitor\Debug\link.command.1.tlog
F:\C++\RemoteMonitor\RemoteMonitor\Debug\link.read.1.tlog
F:\C++\RemoteMonitor\RemoteMonitor\Debug\link.write.1.tlog
F:\C++\RemoteMonitor\RemoteMonitor\Debug\link-cvtres.read.1.tlog
F:\C++\RemoteMonitor\RemoteMonitor\Debug\link-cvtres.write.1.tlog
F:\C++\REMOTEMONITOR\REMOTEMONITOR\DEBUG\MAINFRM.OBJ
F:\C++\REMOTEMONITOR\REMOTEMONITOR\DEBUG\MONITOR.OBJ
F:\C++\RemoteMonitor\RemoteMonitor\Debug\mt.command.1.tlog
F:\C++\RemoteMonitor\RemoteMonitor\Debug\mt.read.1.tlog
F:\C++\RemoteMonitor\RemoteMonitor\Debug\mt.write.1.tlog
F:\C++\RemoteMonitor\RemoteMonitor\Debug\rc.command.1.tlog
F:\C++\RemoteMonitor\RemoteMonitor\Debug\rc.read.1.tlog
F:\C++\RemoteMonitor\RemoteMonitor\Debug\rc.write.1.tlog
F:\C++\REMOTEMONITOR\REMOTEMONITOR\DEBUG\REMOTEMONITOR.EXE.EMBED.MANIFEST
F:\C++\REMOTEMONITOR\REMOTEMONITOR\DEBUG\REMOTEMONITOR.EXE.EMBED.MANIFEST.RES
F:\C++\REMOTEMONITOR\REMOTEMONITOR\DEBUG\REMOTEMONITOR.EXE.INTERMEDIATE.MANIFEST
F:\C++\REMOTEMONITOR\REMOTEMONITOR\DEBUG\REMOTEMONITOR.OBJ
F:\C++\REMOTEMONITOR\REMOTEMONITOR\DEBUG\REMOTEMONITOR.PCH
F:\C++\REMOTEMONITOR\REMOTEMONITOR\DEBUG\REMOTEMONITOR.RES
F:\C++\RemoteMonitor\RemoteMonitor\Debug\RemoteMonitor.vcxprojResolveAssemblyReference.cache
F:\C++\RemoteMonitor\RemoteMonitor\Debug\RemoteMonitor.write.1.tlog
F:\C++\RemoteMonitor\RemoteMonitor\Debug\RemoteMonitor_manifest.rc
F:\C++\REMOTEMONITOR\REMOTEMONITOR\DEBUG\REMOTEMONITORDOC.OBJ
F:\C++\REMOTEMONITOR\REMOTEMONITOR\DEBUG\REMOTEMONITORVIEW.OBJ
F:\C++\REMOTEMONITOR\REMOTEMONITOR\DEBUG\STDAFX.OBJ
F:\C++\RemoteMonitor\RemoteMonitor\Debug\vc100.idb
F:\C++\REMOTEMONITOR\REMOTEMONITOR\DEBUG\VC100.PDB
