生成启动时间为 2018-07-01 13:09:18。
     1>项目“F:\C++\RemoteMonitor\RemoteMonitor\RemoteMonitor.vcxproj”在节点 2 上(build 个目标)。
     1>InitializeBuildStatus:
         正在创建“Debug\RemoteMonitor.unsuccessfulbuild”，因为已指定“AlwaysCreate”。
       ClCompile:
         所有输出均为最新。
         所有输出均为最新。
       ResourceCompile:
         所有输出均为最新。
       ManifestResourceCompile:
         所有输出均为最新。
       Link:
         所有输出均为最新。
       Manifest:
         C:\Program Files (x86)\Microsoft SDKs\Windows\v7.0A\bin\mt.exe /nologo /verbose /out:"Debug\RemoteMonitor.exe.embed.manifest" /manifest Debug\RemoteMonitor.exe.intermediate.manifest "C:\软件\visiostudio2010\VC\Include\Manifest\dpiaware.manifest"
         所有输出均为最新。
       FinalizeBuildStatus:
         正在删除文件“Debug\RemoteMonitor.unsuccessfulbuild”。
         正在对“Debug\RemoteMonitor.lastbuildstate”执行 Touch 任务。
     1>已完成生成项目“F:\C++\RemoteMonitor\RemoteMonitor\RemoteMonitor.vcxproj”(build 个目标)的操作。

生成成功。

已用时间 00:00:00.18
